{"name": "Нельзя создать заказа без авторизации", "status": "failed", "statusDetails": {"message": "AssertionError: assert 200 == 401\n +  where 200 = <Response [200]>.status_code", "trace": "self = <tests.test_create_order.TestCreateOrder object at 0x00000186FD790E90>, ingredients = ['61c0c5a71d1f82001bdaaa6d', '61c0c5a71d1f82001bdaaa6f']\n\n    @allure.title('Нельзя создать заказа без авторизации')\n    @allure.description('Создание заказа с ингредиентами и без')\n    @pytest.mark.parametrize('ingredients', [Ingredients.VALID_INGREDIENTS, []])\n    def test_create_order_no_authorised_fail(self, ingredients):\n        with allure.step('Попытка создания заказа без авторизации'):\n            response = OrderMethods.create_order(ingredients)\n>       assert response.status_code == 401\nE       assert 200 == 401\nE        +  where 200 = <Response [200]>.status_code\n\ntests\\test_create_order.py:41: AssertionError"}, "description": "Создание заказа с ингредиентами и без", "steps": [{"name": "Попытка создания заказа без авторизации", "status": "passed", "steps": [{"name": "Создание заказа без авторизации", "status": "passed", "parameters": [{"name": "ingredients", "value": "['61c0c5a71d1f82001bdaaa6d', '61c0c5a71d1f82001bdaaa6f']"}], "start": 1757078155595, "stop": 1757078156148}], "start": 1757078155595, "stop": 1757078156148}], "parameters": [{"name": "ingredients", "value": "['61c0c5a71d1f82001bdaaa6d', '61c0c5a71d1f82001bdaaa6f']"}], "start": 1757078155594, "stop": 1757078156148, "uuid": "8e56f537-c32b-4ac9-aa1e-fc4a735c4c83", "historyId": "87b8c1a79c953c11992c6302f8dd48a2", "testCaseId": "f65fb2dc79ea1eedd7ae5b814a107b61", "fullName": "tests.test_create_order.TestCreateOrder#test_create_order_no_authorised_fail", "labels": [{"name": "parentSuite", "value": "tests"}, {"name": "suite", "value": "test_create_order"}, {"name": "subSuite", "value": "TestCreateOrder"}, {"name": "host", "value": "DESKTOP-7KTRL0P"}, {"name": "thread", "value": "3092-MainThread"}, {"name": "framework", "value": "pytest"}, {"name": "language", "value": "cpython3"}, {"name": "package", "value": "tests.test_create_order"}], "titlePath": ["tests", "test_create_order.py", "TestCreateOrder"]}