{"name": "Нельзя создать заказа без авторизации", "status": "failed", "statusDetails": {"message": "AssertionError: assert 400 == 401\n +  where 400 = <Response [400]>.status_code", "trace": "self = <tests.test_create_order.TestCreateOrder object at 0x00000186FD790FC0>, ingredients = []\n\n    @allure.title('Нельзя создать заказа без авторизации')\n    @allure.description('Создание заказа с ингредиентами и без')\n    @pytest.mark.parametrize('ingredients', [Ingredients.VALID_INGREDIENTS, []])\n    def test_create_order_no_authorised_fail(self, ingredients):\n        with allure.step('Попытка создания заказа без авторизации'):\n            response = OrderMethods.create_order(ingredients)\n>       assert response.status_code == 401\nE       assert 400 == 401\nE        +  where 400 = <Response [400]>.status_code\n\ntests\\test_create_order.py:41: AssertionError"}, "description": "Создание заказа с ингредиентами и без", "steps": [{"name": "Попытка создания заказа без авторизации", "status": "passed", "steps": [{"name": "Создание заказа без авторизации", "status": "passed", "parameters": [{"name": "ingredients", "value": "[]"}], "start": 1757078156293, "stop": 1757078156883}], "start": 1757078156293, "stop": 1757078156883}], "parameters": [{"name": "ingredients", "value": "[]"}], "start": 1757078156293, "stop": 1757078156884, "uuid": "463e21c7-4768-478b-888b-26f75dd6c71a", "historyId": "ff783d4ac3450d73d7e16cbb6ab120be", "testCaseId": "f65fb2dc79ea1eedd7ae5b814a107b61", "fullName": "tests.test_create_order.TestCreateOrder#test_create_order_no_authorised_fail", "labels": [{"name": "parentSuite", "value": "tests"}, {"name": "suite", "value": "test_create_order"}, {"name": "subSuite", "value": "TestCreateOrder"}, {"name": "host", "value": "DESKTOP-7KTRL0P"}, {"name": "thread", "value": "3092-MainThread"}, {"name": "framework", "value": "pytest"}, {"name": "language", "value": "cpython3"}, {"name": "package", "value": "tests.test_create_order"}], "titlePath": ["tests", "test_create_order.py", "TestCreateOrder"]}